# mur		muf		alpsfact	dynamical_scale	pdf		cross-section
1.0		1.0		1.0		-1		247000		0.00039510085
0.5		0.5		1.0		-1		247000		0.0004130910845292913
0.5		0.5		1.0		1		247000		0.00042024923654880277
0.5		0.5		1.0		2		247000		0.00041497081242272417
0.5		0.5		1.0		3		247000		0.000433820684756562
0.5		0.5		1.0		4		247000		0.0004130910848025346
0.5		1.0		1.0		-1		247000		0.00039510085
0.5		1.0		1.0		1		247000		0.0004022181627797916
0.5		1.0		1.0		2		247000		0.00039690608642592825
0.5		1.0		1.0		3		247000		0.00041497081242272417
0.5		1.0		1.0		4		247000		0.00039510085026246076
0.5		2.0		1.0		-1		247000		0.0003780145445353327
0.5		2.0		1.0		1		247000		0.0003849801384432196
0.5		2.0		1.0		2		247000		0.0003797351528442344
0.5		2.0		1.0		3		247000		0.00039690608642592825
0.5		2.0		1.0		4		247000		0.0003780145447856458
1.0		0.5		1.0		-1		247000		0.0004130910845292913
1.0		0.5		1.0		1		247000		0.00042024923654880277
1.0		0.5		1.0		2		247000		0.00041497081242272417
1.0		0.5		1.0		3		247000		0.000433820684756562
1.0		0.5		1.0		4		247000		0.0004130910848025346
1.0		1.0		1.0		1		247000		0.0004022181627797916
1.0		1.0		1.0		2		247000		0.00039690608642592825
1.0		1.0		1.0		3		247000		0.00041497081242272417
1.0		1.0		1.0		4		247000		0.00039510085026246076
1.0		2.0		1.0		-1		247000		0.0003780145445353327
1.0		2.0		1.0		1		247000		0.0003849801384432196
1.0		2.0		1.0		2		247000		0.0003797351528442344
1.0		2.0		1.0		3		247000		0.00039690608642592825
1.0		2.0		1.0		4		247000		0.0003780145447856458
2.0		0.5		1.0		-1		247000		0.0004130910845292913
2.0		0.5		1.0		1		247000		0.00042024923654880277
2.0		0.5		1.0		2		247000		0.00041497081242272417
2.0		0.5		1.0		3		247000		0.000433820684756562
2.0		0.5		1.0		4		247000		0.0004130910848025346
2.0		1.0		1.0		-1		247000		0.00039510085
2.0		1.0		1.0		1		247000		0.0004022181627797916
2.0		1.0		1.0		2		247000		0.00039690608642592825
2.0		1.0		1.0		3		247000		0.00041497081242272417
2.0		1.0		1.0		4		247000		0.00039510085026246076
2.0		2.0		1.0		-1		247000		0.0003780145445353327
2.0		2.0		1.0		1		247000		0.0003849801384432196
2.0		2.0		1.0		2		247000		0.0003797351528442344
2.0		2.0		1.0		3		247000		0.00039690608642592825
2.0		2.0		1.0		4		247000		0.0003780145447856458
1.0		1.0		1.0		-1		247000		0.00039510085
1.0		1.0		1.0		-1		247001		0.00040942563785208185
1.0		1.0		1.0		-1		247002		0.0003893111370629088
1.0		1.0		1.0		-1		247003		0.00038133823130013665
1.0		1.0		1.0		-1		247004		0.00040823599146021103
1.0		1.0		1.0		-1		247005		0.00033305738930641544
1.0		1.0		1.0		-1		247006		0.0003818236401079547
1.0		1.0		1.0		-1		247007		0.00041642066134750847
1.0		1.0		1.0		-1		247008		0.0004114162501869061
1.0		1.0		1.0		-1		247009		0.0003852519275889595
1.0		1.0		1.0		-1		247010		0.0003765007436688423
1.0		1.0		1.0		-1		247011		0.00040672797973618667
1.0		1.0		1.0		-1		247012		0.00035603207951940977
1.0		1.0		1.0		-1		247013		0.0004349082955336008
1.0		1.0		1.0		-1		247014		0.0003841548353662979
1.0		1.0		1.0		-1		247015		0.00040034886803919567
1.0		1.0		1.0		-1		247016		0.0003914147832586319
1.0		1.0		1.0		-1		247017		0.0004093924411460647
1.0		1.0		1.0		-1		247018		0.0004114753623450523
1.0		1.0		1.0		-1		247019		0.00037227913854030953
1.0		1.0		1.0		-1		247020		0.00036432863436151896
1.0		1.0		1.0		-1		247021		0.00038900043363420094
1.0		1.0		1.0		-1		247022		0.0004183808226317772
1.0		1.0		1.0		-1		247023		0.00034030479506963615
1.0		1.0		1.0		-1		247024		0.0003716421941303011
1.0		1.0		1.0		-1		247025		0.0004227591164147779
1.0		1.0		1.0		-1		247026		0.0003837875178977067
1.0		1.0		1.0		-1		247027		0.0003737851371242818
1.0		1.0		1.0		-1		247028		0.00041893035597653983
1.0		1.0		1.0		-1		247029		0.0003569580753448196
1.0		1.0		1.0		-1		247030		0.00036899288200784535
1.0		1.0		1.0		-1		247031		0.00039487368192300874
1.0		1.0		1.0		-1		247032		0.00040064323022522425
1.0		1.0		1.0		-1		247033		0.000388499715562276
1.0		1.0		1.0		-1		247034		0.00040344681781700537
1.0		1.0		1.0		-1		247035		0.0003951026640030519
1.0		1.0		1.0		-1		247036		0.00041941773167551027
1.0		1.0		1.0		-1		247037		0.00039061960249728387
1.0		1.0		1.0		-1		247038		0.0003877977399227302
1.0		1.0		1.0		-1		247039		0.0004050930354979128
1.0		1.0		1.0		-1		247040		0.00039307712239816845
1.0		1.0		1.0		-1		247041		0.0004411734614520695
1.0		1.0		1.0		-1		247042		0.00040480283252067095
1.0		1.0		1.0		-1		247043		0.0003839440269482891
1.0		1.0		1.0		-1		247044		0.00046605384357886916
1.0		1.0		1.0		-1		247045		0.0004432132872881402
1.0		1.0		1.0		-1		247046		0.0003673843001326632
1.0		1.0		1.0		-1		247047		0.0004040229824086233
1.0		1.0		1.0		-1		247048		0.00039460003382940363
1.0		1.0		1.0		-1		247049		0.00041767010221847455
1.0		1.0		1.0		-1		247050		0.00037715620035263457
1.0		1.0		1.0		-1		247051		0.00038793302338907304
1.0		1.0		1.0		-1		247052		0.0003963077536477723
1.0		1.0		1.0		-1		247053		0.00040673286460883975
1.0		1.0		1.0		-1		247054		0.00042522058742887233
1.0		1.0		1.0		-1		247055		0.00037225588810972703
1.0		1.0		1.0		-1		247056		0.00037265609182293583
1.0		1.0		1.0		-1		247057		0.0003918695749062788
1.0		1.0		1.0		-1		247058		0.000411059397293763
1.0		1.0		1.0		-1		247059		0.0003817903462710545
1.0		1.0		1.0		-1		247060		0.00039264014424106964
1.0		1.0		1.0		-1		247061		0.00041119167060187605
1.0		1.0		1.0		-1		247062		0.000392582475297384
1.0		1.0		1.0		-1		247063		0.00040156505084602064
1.0		1.0		1.0		-1		247064		0.0003957685205086693
1.0		1.0		1.0		-1		247065		0.0004111892704609181
1.0		1.0		1.0		-1		247066		0.0003931767502368111
1.0		1.0		1.0		-1		247067		0.0003704842758823295
1.0		1.0		1.0		-1		247068		0.0004047413388564203
1.0		1.0		1.0		-1		247069		0.0003829007878251684
1.0		1.0		1.0		-1		247070		0.000376338339879927
1.0		1.0		1.0		-1		247071		0.00038442318672042255
1.0		1.0		1.0		-1		247072		0.00037636325530350544
1.0		1.0		1.0		-1		247073		0.0003840981823914194
1.0		1.0		1.0		-1		247074		0.0004171572197101663
1.0		1.0		1.0		-1		247075		0.00039599784781453026
1.0		1.0		1.0		-1		247076		0.0003892485174390204
1.0		1.0		1.0		-1		247077		0.00039969995132830275
1.0		1.0		1.0		-1		247078		0.0004125228360293637
1.0		1.0		1.0		-1		247079		0.00037482768985779664
1.0		1.0		1.0		-1		247080		0.00034315826531515427
1.0		1.0		1.0		-1		247081		0.00040436032043339725
1.0		1.0		1.0		-1		247082		0.0004058942924338705
1.0		1.0		1.0		-1		247083		0.0004035614749340746
1.0		1.0		1.0		-1		247084		0.0003761585616823179
1.0		1.0		1.0		-1		247085		0.0003697699733701609
1.0		1.0		1.0		-1		247086		0.0004073788578838206
1.0		1.0		1.0		-1		247087		0.0003779365049401611
1.0		1.0		1.0		-1		247088		0.00045408389422915864
1.0		1.0		1.0		-1		247089		0.0003715282621158519
1.0		1.0		1.0		-1		247090		0.00036127198076641993
1.0		1.0		1.0		-1		247091		0.00039646545907113417
1.0		1.0		1.0		-1		247092		0.00041318673611695137
1.0		1.0		1.0		-1		247093		0.0004082865221677872
1.0		1.0		1.0		-1		247094		0.0004464756019940939
1.0		1.0		1.0		-1		247095		0.00036259925850694005
1.0		1.0		1.0		-1		247096		0.00038772323991809014
1.0		1.0		1.0		-1		247097		0.00038867032597831664
1.0		1.0		1.0		-1		247098		0.0004063642109531807
1.0		1.0		1.0		-1		247099		0.00040382737889011426
1.0		1.0		1.0		-1		247100		0.0004242726063752506

#***************************************************************************
#
# original cross-section: 0.00039510085
#     scale variation: +4.55% -4.32%
#     central scheme variation: +5.03% - 0%
# PDF variation: +5.84% -5.84%
#
# dynamical scheme # 1 : 0.000402218 +4.48% -4.29% # \sum ET
# dynamical scheme # 2 : 0.000396906 +4.55% -4.33% # \sum\sqrt{m^2+pt^2}
# dynamical scheme # 3 : 0.000414971 +4.54% -4.35% # 0.5 \sum\sqrt{m^2+pt^2}
# dynamical scheme # 4 : 0.000395101 +4.55% -4.32% # \sqrt{\hat s}
#***************************************************************************
